  main.cpp
C:\Users\Joachim\source\repos\3D_Engine\3D_Engine\engine.h(2424,22): warning C4018:  "<=": Konflikt zwischen "signed" und "unsigned"
C:\Users\Joachim\source\repos\3D_Engine\3D_Engine\engine.h(2424,58): warning C4018:  ">=": Konflikt zwischen "signed" und "unsigned"
C:\Users\Joachim\source\repos\3D_Engine\3D_Engine\engine.h(2424,109): warning C4018:  "<=": Konflikt zwischen "signed" und "unsigned"
C:\Users\Joachim\source\repos\3D_Engine\3D_Engine\engine.h(2424,146): warning C4018:  ">=": Konflikt zwischen "signed" und "unsigned"
C:\Users\Joachim\source\repos\3D_Engine\3D_Engine\engine.h(2691,46): warning C4244:  "Argument": Konvertierung von "WPARAM" in "const unsigned short", möglicher Datenverlust
C:\Users\Joachim\source\repos\3D_Engine\3D_Engine\engine.h(2692,45): warning C4244:  "Argument": Konvertierung von "WPARAM" in "const unsigned short", möglicher Datenverlust
C:\Users\Joachim\source\repos\3D_Engine\3D_Engine\camera.h(95,30): warning C4244:  "=": Konvertierung von "double" in "float", möglicher Datenverlust
C:\Users\Joachim\source\repos\3D_Engine\3D_Engine\camera.h(105,1): warning C4244:  "-=": Konvertierung von "double" in "float", möglicher Datenverlust
C:\Users\Joachim\source\repos\3D_Engine\3D_Engine\renderer.h(265,11): warning C4244:  "Initialisierung": Konvertierung von "float" in "int", möglicher Datenverlust
C:\Users\Joachim\source\repos\3D_Engine\3D_Engine\renderer.h(266,11): warning C4244:  "Initialisierung": Konvertierung von "float" in "int", möglicher Datenverlust
C:\Users\Joachim\source\repos\3D_Engine\3D_Engine\renderer.h(325,11): warning C4244:  "Initialisierung": Konvertierung von "float" in "int", möglicher Datenverlust
C:\Users\Joachim\source\repos\3D_Engine\3D_Engine\renderer.h(326,11): warning C4244:  "Initialisierung": Konvertierung von "float" in "int", möglicher Datenverlust
C:\Users\Joachim\source\repos\3D_Engine\3D_Engine\renderer.h(418,40): warning C4267:  "=": Konvertierung von "size_t" nach "int", Datenverlust möglich
C:\Users\Joachim\source\repos\3D_Engine\3D_Engine\renderer.h(429,22): warning C4244:  "Argument": Konvertierung von "float" in "int", möglicher Datenverlust
C:\Users\Joachim\source\repos\3D_Engine\3D_Engine\renderer.h(429,12): warning C4244:  "Argument": Konvertierung von "float" in "int", möglicher Datenverlust
C:\Users\Joachim\source\repos\3D_Engine\3D_Engine\renderer.h(428,22): warning C4244:  "Argument": Konvertierung von "float" in "int", möglicher Datenverlust
C:\Users\Joachim\source\repos\3D_Engine\3D_Engine\renderer.h(428,12): warning C4244:  "Argument": Konvertierung von "float" in "int", möglicher Datenverlust
C:\Users\Joachim\source\repos\3D_Engine\3D_Engine\renderer.h(427,38): warning C4244:  "Argument": Konvertierung von "float" in "int", möglicher Datenverlust
C:\Users\Joachim\source\repos\3D_Engine\3D_Engine\renderer.h(427,28): warning C4244:  "Argument": Konvertierung von "float" in "int", möglicher Datenverlust
C:\Users\Joachim\source\repos\3D_Engine\3D_Engine\renderer.h(435,89): warning C4244:  "Argument": Konvertierung von "float" in "int32_t", möglicher Datenverlust
C:\Users\Joachim\source\repos\3D_Engine\3D_Engine\renderer.h(435,79): warning C4244:  "Argument": Konvertierung von "float" in "int32_t", möglicher Datenverlust
C:\Users\Joachim\source\repos\3D_Engine\3D_Engine\renderer.h(435,69): warning C4244:  "Argument": Konvertierung von "float" in "int32_t", möglicher Datenverlust
C:\Users\Joachim\source\repos\3D_Engine\3D_Engine\renderer.h(435,59): warning C4244:  "Argument": Konvertierung von "float" in "int32_t", möglicher Datenverlust
C:\Users\Joachim\source\repos\3D_Engine\3D_Engine\renderer.h(435,49): warning C4244:  "Argument": Konvertierung von "float" in "int32_t", möglicher Datenverlust
C:\Users\Joachim\source\repos\3D_Engine\3D_Engine\renderer.h(435,39): warning C4244:  "Argument": Konvertierung von "float" in "int32_t", möglicher Datenverlust
C:\Users\Joachim\source\repos\3D_Engine\3D_Engine\renderer.h(442,89): warning C4244:  "Argument": Konvertierung von "float" in "int32_t", möglicher Datenverlust
C:\Users\Joachim\source\repos\3D_Engine\3D_Engine\renderer.h(442,79): warning C4244:  "Argument": Konvertierung von "float" in "int32_t", möglicher Datenverlust
C:\Users\Joachim\source\repos\3D_Engine\3D_Engine\renderer.h(442,69): warning C4244:  "Argument": Konvertierung von "float" in "int32_t", möglicher Datenverlust
C:\Users\Joachim\source\repos\3D_Engine\3D_Engine\renderer.h(442,59): warning C4244:  "Argument": Konvertierung von "float" in "int32_t", möglicher Datenverlust
C:\Users\Joachim\source\repos\3D_Engine\3D_Engine\renderer.h(442,49): warning C4244:  "Argument": Konvertierung von "float" in "int32_t", möglicher Datenverlust
C:\Users\Joachim\source\repos\3D_Engine\3D_Engine\renderer.h(442,39): warning C4244:  "Argument": Konvertierung von "float" in "int32_t", möglicher Datenverlust
C:\Users\Joachim\source\repos\3D_Engine\3D_Engine\main.cpp(158,29): warning C4244:  "Argument": Konvertierung von "int" in "float", möglicher Datenverlust
  Code wird generiert.
  2 of 965 functions ( 0.2%) were compiled, the rest were copied from previous compilation.
    0 functions were new in current compilation
    5 functions had inline decision re-evaluated but remain unchanged
  Codegenerierung ist abgeschlossen.
  3D_Engine.vcxproj -> C:\Users\Joachim\source\repos\3D_Engine\x64\Release\3D_Engine.exe
